lib_tcvideorecord/build/outputs/logs/manifest-merger-debug-report.txt
-- Merging decision tree log ---
manifest
ADDED from src\main\AndroidManifest.xml:2:1-21:12
INJECTED from src\main\AndroidManifest.xml:2:1-21:12
INJECTED from src\main\AndroidManifest.xml:2:1-21:12
INJECTED from src\main\AndroidManifest.xml:2:1-21:12
INJECTED from src\main\AndroidManifest.xml:2:1-21:12
INJECTED from src\main\AndroidManifest.xml:2:1-21:12
INJECTED from src\main\AndroidManifest.xml:2:1-21:12
	package
		ADDED from src\main\AndroidManifest.xml:3:5-50
		INJECTED from src\main\AndroidManifest.xml
		INJECTED from src\main\AndroidManifest.xml
	android:versionName
		ADDED from src\main\AndroidManifest.xml:5:5-30
		INJECTED from src\main\AndroidManifest.xml
		INJECTED from src\main\AndroidManifest.xml
	xmlns:android
		ADDED from src\main\AndroidManifest.xml:2:11-69
	android:versionCode
		ADDED from src\main\AndroidManifest.xml:4:5-28
		INJECTED from src\main\AndroidManifest.xml
		INJECTED from src\main\AndroidManifest.xml
application
ADDED from src\main\AndroidManifest.xml:7:5-19:19
activity#com.tencent.liteav.demo.videorecord.TCVideoRecordActivity
ADDED from src\main\AndroidManifest.xml:8:9-11:46
	android:launchMode
		ADDED from src\main\AndroidManifest.xml:11:13-44
	android:configChanges
		ADDED from src\main\AndroidManifest.xml:10:13-74
	android:name
		ADDED from src\main\AndroidManifest.xml:9:13-50
activity#com.tencent.liteav.demo.videorecord.TCVideoRecordSmartActivity
ADDED from src\main\AndroidManifest.xml:12:9-14:77
	android:configChanges
		ADDED from src\main\AndroidManifest.xml:14:13-74
	android:name
		ADDED from src\main\AndroidManifest.xml:13:13-55
activity#com.tencent.liteav.demo.videorecord.TCVideoSettingActivity
ADDED from src\main\AndroidManifest.xml:15:9-18:52
	android:screenOrientation
		ADDED from src\main\AndroidManifest.xml:18:13-49
	android:configChanges
		ADDED from src\main\AndroidManifest.xml:17:13-74
	android:name
		ADDED from src\main\AndroidManifest.xml:16:13-51
uses-sdk
INJECTED from src\main\AndroidManifest.xml reason: use-sdk injection requested
INJECTED from src\main\AndroidManifest.xml
INJECTED from src\main\AndroidManifest.xml
INJECTED from src\main\AndroidManifest.xml
INJECTED from src\main\AndroidManifest.xml
	android:targetSdkVersion
		INJECTED from src\main\AndroidManifest.xml
		ADDED from src\main\AndroidManifest.xml
		INJECTED from src\main\AndroidManifest.xml
	android:minSdkVersion
		INJECTED from src\main\AndroidManifest.xml
		ADDED from src\main\AndroidManifest.xml
		INJECTED from src\main\AndroidManifest.xml